# JRE version: OpenJDK Runtime Environment (24.0.2+12) (build 24.0.2+12-54)
# Java VM: OpenJDK 64-Bit Server VM (24.0.2+12-54, mixed mode, sharing, tiered, compressed oops, compressed class ptrs, g1 gc, windows-amd64)
GC Precious Log:
 CardTable entry size: 512
 Card Set container configuration: InlinePtr #cards 5 size 8 Array Of Cards #cards 10 size 36 Howl #buckets 4 coarsen threshold 1843 Howl Bitmap #cards 512 size 80 coarsen threshold 460 Card regions per heap region 1 cards per card region 2048
 CPUs: 8 total, 8 available
 Memory: 8067M
 Large Page Support: Disabled
 NUMA Support: Disabled
 Compressed Oops: Enabled (32-bit)
 Heap Region Size: 1M
 Heap Min Capacity: 8M
 Heap Initial Capacity: 128M
 Heap Max Capacity: 2018M
 Pre-touch: Disabled
 Parallel Workers: 8
 Concurrent Workers: 2
 Concurrent Refinement Workers: 8
 Periodic GC: Disabled
Heap:
 garbage-first heap   total reserved 2066432K, committed 116736K, used 54699K [0x0000000081e00000, 0x0000000100000000)
  region size 1024K, 8 young (8192K), 3 survivors (3072K)
 Metaspace       used 80394K, committed 81088K, reserved 1179648K
  class space    used 8769K, committed 9088K, reserved 1048576K
GC Heap History (20 events):
Event: 10.298 GC heap before
{Heap before GC invocations=13 (full 0):
 garbage-first heap   total reserved 2066432K, committed 71680K, used 37666K [0x0000000081e00000, 0x0000000100000000)
  region size 1024K, 11 young (11264K), 3 survivors (3072K)
 Metaspace       used 59883K, committed 60288K, reserved 1114112K
  class space    used 6220K, committed 6400K, reserved 1048576K
}
Event: 10.304 GC heap after
{Heap after GC invocations=14 (full 0):
 garbage-first heap   total reserved 2066432K, committed 71680K, used 31153K [0x0000000081e00000, 0x0000000100000000)
  region size 1024K, 3 young (3072K), 3 survivors (3072K)
 Metaspace       used 59883K, committed 60288K, reserved 1114112K
  class space    used 6220K, committed 6400K, reserved 1048576K
}
Event: 44.799 GC heap before
{Heap before GC invocations=15 (full 0):
 garbage-first heap   total reserved 2066432K, committed 71680K, used 62897K [0x0000000081e00000, 0x0000000100000000)
  region size 1024K, 35 young (35840K), 3 survivors (3072K)
 Metaspace       used 65112K, committed 65600K, reserved 1114112K
  class space    used 6716K, committed 6912K, reserved 1048576K
}
Event: 44.811 GC heap after
{Heap after GC invocations=16 (full 0):
 garbage-first heap   total reserved 2066432K, committed 71680K, used 34618K [0x0000000081e00000, 0x0000000100000000)
  region size 1024K, 5 young (5120K), 5 survivors (5120K)
 Metaspace       used 65112K, committed 65600K, reserved 1114112K
  class space    used 6716K, committed 6912K, reserved 1048576K
}
Event: 45.312 GC heap before
{Heap before GC invocations=16 (full 0):
 garbage-first heap   total reserved 2066432K, committed 71680K, used 62266K [0x0000000081e00000, 0x0000000100000000)
  region size 1024K, 32 young (32768K), 5 survivors (5120K)
 Metaspace       used 67426K, committed 67904K, reserved 1114112K
  class space    used 7013K, committed 7232K, reserved 1048576K
}
Event: 45.330 GC heap after
{Heap after GC invocations=17 (full 0):
 garbage-first heap   total reserved 2066432K, committed 71680K, used 37446K [0x0000000081e00000, 0x0000000100000000)
  region size 1024K, 3 young (3072K), 3 survivors (3072K)
 Metaspace       used 67426K, committed 67904K, reserved 1114112K
  class space    used 7013K, committed 7232K, reserved 1048576K
}
Event: 45.867 GC heap before
{Heap before GC invocations=17 (full 0):
 garbage-first heap   total reserved 2066432K, committed 71680K, used 64070K [0x0000000081e00000, 0x0000000100000000)
  region size 1024K, 29 young (29696K), 3 survivors (3072K)
 Metaspace       used 70701K, committed 71168K, reserved 1114112K
  class space    used 7668K, committed 7872K, reserved 1048576K
}
Event: 45.877 GC heap after
{Heap after GC invocations=18 (full 0):
 garbage-first heap   total reserved 2066432K, committed 86016K, used 39654K [0x0000000081e00000, 0x0000000100000000)
  region size 1024K, 3 young (3072K), 3 survivors (3072K)
 Metaspace       used 70701K, committed 71168K, reserved 1114112K
  class space    used 7668K, committed 7872K, reserved 1048576K
}
Event: 46.158 GC heap before
{Heap before GC invocations=19 (full 0):
 garbage-first heap   total reserved 2066432K, committed 86016K, used 75494K [0x0000000081e00000, 0x0000000100000000)
  region size 1024K, 38 young (38912K), 3 survivors (3072K)
 Metaspace       used 72111K, committed 72512K, reserved 1114112K
  class space    used 7844K, committed 8000K, reserved 1048576K
}
Event: 46.168 GC heap after
{Heap after GC invocations=20 (full 0):
 garbage-first heap   total reserved 2066432K, committed 86016K, used 41880K [0x0000000081e00000, 0x0000000100000000)
  region size 1024K, 5 young (5120K), 5 survivors (5120K)
 Metaspace       used 72111K, committed 72512K, reserved 1114112K
  class space    used 7844K, committed 8000K, reserved 1048576K
}
Event: 46.418 GC heap before
{Heap before GC invocations=20 (full 0):
 garbage-first heap   total reserved 2066432K, committed 86016K, used 74648K [0x0000000081e00000, 0x0000000100000000)
  region size 1024K, 37 young (37888K), 5 survivors (5120K)
 Metaspace       used 72596K, committed 73088K, reserved 1179648K
  class space    used 7912K, committed 8128K, reserved 1048576K
}
Event: 46.430 GC heap after
{Heap after GC invocations=21 (full 0):
 garbage-first heap   total reserved 2066432K, committed 86016K, used 42859K [0x0000000081e00000, 0x0000000100000000)
  region size 1024K, 4 young (4096K), 4 survivors (4096K)
 Metaspace       used 72596K, committed 73088K, reserved 1179648K
  class space    used 7912K, committed 8128K, reserved 1048576K
}
Event: 46.777 GC heap before
{Heap before GC invocations=21 (full 0):
 garbage-first heap   total reserved 2066432K, committed 86016K, used 76651K [0x0000000081e00000, 0x0000000100000000)
  region size 1024K, 37 young (37888K), 4 survivors (4096K)
 Metaspace       used 73240K, committed 73728K, reserved 1179648K
  class space    used 7974K, committed 8192K, reserved 1048576K
}
Event: 46.787 GC heap after
{Heap after GC invocations=22 (full 0):
 garbage-first heap   total reserved 2066432K, committed 86016K, used 43391K [0x0000000081e00000, 0x0000000100000000)
  region size 1024K, 2 young (2048K), 2 survivors (2048K)
 Metaspace       used 73240K, committed 73728K, reserved 1179648K
  class space    used 7974K, committed 8192K, reserved 1048576K
}
Event: 47.189 GC heap before
{Heap before GC invocations=23 (full 0):
 garbage-first heap   total reserved 2066432K, committed 86016K, used 77183K [0x0000000081e00000, 0x0000000100000000)
  region size 1024K, 35 young (35840K), 2 survivors (2048K)
 Metaspace       used 73956K, committed 74432K, reserved 1179648K
  class space    used 8005K, committed 8192K, reserved 1048576K
}
Event: 47.199 GC heap after
{Heap after GC invocations=24 (full 0):
 garbage-first heap   total reserved 2066432K, committed 86016K, used 46322K [0x0000000081e00000, 0x0000000100000000)
  region size 1024K, 5 young (5120K), 5 survivors (5120K)
 Metaspace       used 73956K, committed 74432K, reserved 1179648K
  class space    used 8005K, committed 8192K, reserved 1048576K
}
Event: 47.790 GC heap before
{Heap before GC invocations=24 (full 0):
 garbage-first heap   total reserved 2066432K, committed 86016K, used 74994K [0x0000000081e00000, 0x0000000100000000)
  region size 1024K, 33 young (33792K), 5 survivors (5120K)
 Metaspace       used 77068K, committed 77632K, reserved 1179648K
  class space    used 8356K, committed 8640K, reserved 1048576K
}
Event: 47.807 GC heap after
{Heap after GC invocations=25 (full 0):
 garbage-first heap   total reserved 2066432K, committed 86016K, used 47753K [0x0000000081e00000, 0x0000000100000000)
  region size 1024K, 3 young (3072K), 3 survivors (3072K)
 Metaspace       used 77068K, committed 77632K, reserved 1179648K
  class space    used 8356K, committed 8640K, reserved 1048576K
}
Event: 48.428 GC heap before
{Heap before GC invocations=25 (full 0):
 garbage-first heap   total reserved 2066432K, committed 86016K, used 77449K [0x0000000081e00000, 0x0000000100000000)
  region size 1024K, 32 young (32768K), 3 survivors (3072K)
 Metaspace       used 79756K, committed 80384K, reserved 1179648K
  class space    used 8684K, committed 8960K, reserved 1048576K
}
Event: 48.444 GC heap after
{Heap after GC invocations=26 (full 0):
 garbage-first heap   total reserved 2066432K, committed 116736K, used 50603K [0x0000000081e00000, 0x0000000100000000)
  region size 1024K, 3 young (3072K), 3 survivors (3072K)
 Metaspace       used 79756K, committed 80384K, reserved 1179648K
  class space    used 8684K, committed 8960K, reserved 1048576K
}

